[debug] [2023-08-07T09:03:40.925Z] ----------------------------------------------------------------------
[debug] [2023-08-07T09:03:40.928Z] Command:       C:\Program Files\nodejs\node.exe C:\Users\nisha\AppData\Roaming\npm\node_modules\firebase-tools\lib\bin\firebase.js init
[debug] [2023-08-07T09:03:40.928Z] CLI Version:   12.4.7
[debug] [2023-08-07T09:03:40.928Z] Platform:      win32
[debug] [2023-08-07T09:03:40.929Z] Node Version:  v18.14.2
[debug] [2023-08-07T09:03:40.930Z] Time:          Mon Aug 07 2023 14:33:40 GMT+0530 (India Standard Time)
[debug] [2023-08-07T09:03:40.930Z] ----------------------------------------------------------------------
[debug] 
[debug] [2023-08-07T09:03:40.940Z] > command requires scopes: ["email","openid","https://www.googleapis.com/auth/cloudplatformprojects.readonly","https://www.googleapis.com/auth/firebase","https://www.googleapis.com/auth/cloud-platform"]
[debug] [2023-08-07T09:03:40.941Z] > authorizing via signed-in user (nishantsharma13903@gmail.com)
[info] 
     ######## #### ########  ######## ########     ###     ######  ########
     ##        ##  ##     ## ##       ##     ##  ##   ##  ##       ##
     ######    ##  ########  ######   ########  #########  ######  ######
     ##        ##  ##    ##  ##       ##     ## ##     ##       ## ##
     ##       #### ##     ## ######## ########  ##     ##  ######  ########

You're about to initialize a Firebase project in this directory:

  D:\Nishant\vscode\React\Practice\checkfirebase

[info] 
=== Project Setup
[info] 
[info] First, let's associate this project directory with a Firebase project.
[info] You can create multiple project aliases by running firebase use --add, 
[info] but for now we'll just set up a default project.
[info] 
[debug] [2023-08-07T09:05:57.976Z] >>> [apiv2][query] GET https://firebase.googleapis.com/v1beta1/projects pageSize=100
[debug] [2023-08-07T09:05:59.016Z] <<< [apiv2][status] GET https://firebase.googleapis.com/v1beta1/projects 200
[debug] [2023-08-07T09:05:59.017Z] <<< [apiv2][body] GET https://firebase.googleapis.com/v1beta1/projects [omitted]
[info] i  Using project fir-check-331ba (firebase-check) 
[info] 
=== Hosting Setup
[info] 
[info] Your public directory is the folder (relative to your project directory) that
[info] will contain Hosting assets to be uploaded with firebase deploy. If you
[info] have a build process for your assets, use your build's output directory.
[info] 
[info] +  Wrote public/404.html 
[debug] [2023-08-07T09:08:23.678Z] >>> [apiv2][query] GET https://www.gstatic.com/firebasejs/releases.json [none]
[debug] [2023-08-07T09:08:23.853Z] <<< [apiv2][status] GET https://www.gstatic.com/firebasejs/releases.json 200
[debug] [2023-08-07T09:08:23.854Z] <<< [apiv2][body] GET https://www.gstatic.com/firebasejs/releases.json {"current":{"version":"10.1.0","browserURL":"https://www.gstatic.com/firebasejs/10.1.0/firebase.js","packageURL":"https://www.gstatic.com/firebasejs/10.1.0/firebase.tgz"},"live":{"version":"10.1","browserURL":"https://www.gstatic.com/firebasejs/live/10.1/firebase.js","packageURL":"https://www.gstatic.com/firebasejs/live/10.1/firebase.tgz"},"components":{"analytics":"https://www.gstatic.com/firebasejs/10.1.0/firebase-analytics.js","app":"https://www.gstatic.com/firebasejs/10.1.0/firebase-app.js","app-check":"https://www.gstatic.com/firebasejs/10.1.0/firebase-app-check.js","auth":"https://www.gstatic.com/firebasejs/10.1.0/firebase-auth.js","auth/cordova":"https://www.gstatic.com/firebasejs/10.1.0/firebase-auth/cordova.js","functions":"https://www.gstatic.com/firebasejs/10.1.0/firebase-functions.js","firestore":"https://www.gstatic.com/firebasejs/10.1.0/firebase-firestore.js","firestore/lite":"https://www.gstatic.com/firebasejs/10.1.0/firebase-firestore/lite.js","installations":"https://www.gstatic.com/firebasejs/10.1.0/firebase-installations.js","storage":"https://www.gstatic.com/firebasejs/10.1.0/firebase-storage.js","performance":"https://www.gstatic.com/firebasejs/10.1.0/firebase-performance.js","remote-config":"https://www.gstatic.com/firebasejs/10.1.0/firebase-remote-config.js","messaging":"https://www.gstatic.com/firebasejs/10.1.0/firebase-messaging.js","messaging/sw":"https://www.gstatic.com/firebasejs/10.1.0/firebase-messaging/sw.js","database":"https://www.gstatic.com/firebasejs/10.1.0/firebase-database.js","firestore.memory":"https://www.gstatic.com/firebasejs/10.1.0/firebase-firestore.memory.js"}}
[info] i  Skipping write of public/index.html 
[info] 
[info] i  Detected a .git folder at D:\Nishant\vscode\React\Practice\checkfirebase 
[info] i  Authorizing with GitHub to upload your service account to a GitHub repository's secrets store. 
[info] 
[info] Visit this URL on this device to log in:
[info] https://github.com/login/oauth/authorize?client_id=89cf50f02ac6aaed3484&state=339712303&redirect_uri=http%3A%2F%2Flocalhost%3A9005&scope=read%3Auser%20repo%20public_repo
[info] 
[info] Waiting for authentication...
[debug] [2023-08-07T09:08:44.150Z] >>> [apiv2][query] POST https://github.com/login/oauth/access_token [none]
[debug] [2023-08-07T09:08:44.151Z] >>> [apiv2][body] POST https://github.com/login/oauth/access_token [stream]
[debug] [2023-08-07T09:08:44.632Z] <<< [apiv2][status] POST https://github.com/login/oauth/access_token 200
[debug] [2023-08-07T09:08:44.632Z] <<< [apiv2][body] POST https://github.com/login/oauth/access_token {"access_token":"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","token_type":"bearer","scope":"read:user,repo"}
[debug] [2023-08-07T09:08:44.650Z] >>> [apiv2][query] GET https://api.github.com/user [none]
[debug] [2023-08-07T09:08:45.171Z] <<< [apiv2][status] GET https://api.github.com/user 200
[debug] [2023-08-07T09:08:45.171Z] <<< [apiv2][body] GET https://api.github.com/user {"login":"nishantsharma13903","id":96777814,"node_id":"U_kgDOBcS2Vg","avatar_url":"https://avatars.githubusercontent.com/u/96777814?v=4","gravatar_id":"","url":"https://api.github.com/users/nishantsharma13903","html_url":"https://github.com/nishantsharma13903","followers_url":"https://api.github.com/users/nishantsharma13903/followers","following_url":"https://api.github.com/users/nishantsharma13903/following{/other_user}","gists_url":"https://api.github.com/users/nishantsharma13903/gists{/gist_id}","starred_url":"https://api.github.com/users/nishantsharma13903/starred{/owner}{/repo}","subscriptions_url":"https://api.github.com/users/nishantsharma13903/subscriptions","organizations_url":"https://api.github.com/users/nishantsharma13903/orgs","repos_url":"https://api.github.com/users/nishantsharma13903/repos","events_url":"https://api.github.com/users/nishantsharma13903/events{/privacy}","received_events_url":"https://api.github.com/users/nishantsharma13903/received_events","type":"User","site_admin":false,"name":"Nishant Sharma","company":null,"blog":"","location":null,"email":null,"hireable":null,"bio":"Hello, I’m Nishant Sharma and I am pursuing my B.Tech. ( Computer Science) From R.D.Engineering College, Gzb... Learning Web Development and DSA.","twitter_username":null,"public_repos":6,"public_gists":0,"followers":4,"following":5,"created_at":"2021-12-28T12:30:17Z","updated_at":"2023-06-29T12:52:29Z","private_gists":0,"total_private_repos":0,"owned_private_repos":0,"disk_usage":13672,"collaborators":0,"two_factor_authentication":false,"plan":{"name":"free","space":976562499,"collaborators":0,"private_repos":10000}}
[info] 
[info] +  Success! Logged into GitHub as nishantsharma13903 
[info] 
